app/build/intermediates/manifest_merge_blame_file/debug/manifest-merger-blame-debug-report.txt
1<?xml version="1.0" encoding="utf-8"?>
2<manifest xmlns:android="http://schemas.android.com/apk/res/android"
3    package="com.example.imageclassificationkotlin"
4    android:versionCode="1"
5    android:versionName="1.0" >
6
7    <uses-sdk
8        android:minSdkVersion="16"
8-->src\main\AndroidManifest.xml
9        android:targetSdkVersion="30" />
9-->src\main\AndroidManifest.xml
10
11    <uses-permission android:name="android.permission.WRITE_EXTERNAL_STORAGE" />
11-->src\main\AndroidManifest.xml:5:5-80
11-->src\main\AndroidManifest.xml:5:22-78
12    <uses-permission android:name="android.permission.CAMERA" />
12-->src\main\AndroidManifest.xml:6:5-64
12-->src\main\AndroidManifest.xml:6:22-62
13
14    <!-- Although the *SdkVersion is captured in gradle build files, this is required for non gradle builds -->
15    <!-- <uses-sdk android:minSdkVersion="14"/> -->
16    <uses-permission android:name="android.permission.ACCESS_NETWORK_STATE" />
16-->[com.google.android.datatransport:transport-backend-cct:2.3.2] AndroidManifest.xml:25:5-79
16-->[com.google.android.datatransport:transport-backend-cct:2.3.2] AndroidManifest.xml:25:22-76
17    <uses-permission android:name="android.permission.INTERNET" />
17-->[com.google.android.datatransport:transport-backend-cct:2.3.2] AndroidManifest.xml:26:5-67
17-->[com.google.android.datatransport:transport-backend-cct:2.3.2] AndroidManifest.xml:26:22-64
18
19    <application
19-->src\main\AndroidManifest.xml:7:5-21:19
20        android:allowBackup="true"
20-->src\main\AndroidManifest.xml:8:9-35
21        android:appComponentFactory="androidx.core.app.CoreComponentFactory"
21-->[androidx.core:core:1.3.2] AndroidManifest.xml:24:18-86
22        android:debuggable="true"
23        android:icon="@mipmap/ic_launcher"
23-->src\main\AndroidManifest.xml:9:9-43
24        android:label="@string/app_name"
24-->src\main\AndroidManifest.xml:10:9-41
25        android:roundIcon="@mipmap/ic_launcher_round"
25-->src\main\AndroidManifest.xml:11:9-54
26        android:supportsRtl="true"
26-->src\main\AndroidManifest.xml:12:9-35
27        android:testOnly="true"
28        android:theme="@style/Theme.ImageClassificationKotlin" >
28-->src\main\AndroidManifest.xml:13:9-63
29        <activity android:name="com.example.imageclassificationkotlin.MainActivity" >
29-->src\main\AndroidManifest.xml:14:9-20:20
29-->src\main\AndroidManifest.xml:14:19-47
30            <intent-filter>
30-->src\main\AndroidManifest.xml:15:13-19:29
31                <action android:name="android.intent.action.MAIN" />
31-->src\main\AndroidManifest.xml:16:17-69
31-->src\main\AndroidManifest.xml:16:25-66
32
33                <category android:name="android.intent.category.LAUNCHER" />
33-->src\main\AndroidManifest.xml:18:17-77
33-->src\main\AndroidManifest.xml:18:27-74
34            </intent-filter>
35        </activity>
36
37        <service
37-->[com.google.mlkit:segmentation-selfie:16.0.0-beta1] AndroidManifest.xml:9:9-15:19
38            android:name="com.google.mlkit.common.internal.MlKitComponentDiscoveryService"
38-->[com.google.mlkit:segmentation-selfie:16.0.0-beta1] AndroidManifest.xml:10:13-91
39            android:directBootAware="true"
39-->[com.google.mlkit:common:17.1.1] AndroidManifest.xml:17:13-43
40            android:exported="false" >
40-->[com.google.mlkit:segmentation-selfie:16.0.0-beta1] AndroidManifest.xml:11:13-37
41            <meta-data
41-->[com.google.mlkit:segmentation-selfie:16.0.0-beta1] AndroidManifest.xml:12:13-14:85
42                android:name="com.google.firebase.components:com.google.mlkit.vision.segmentation.internal.SegmentationRegistrar"
42-->[com.google.mlkit:segmentation-selfie:16.0.0-beta1] AndroidManifest.xml:13:17-130
43                android:value="com.google.firebase.components.ComponentRegistrar" />
43-->[com.google.mlkit:segmentation-selfie:16.0.0-beta1] AndroidManifest.xml:14:17-82
44            <meta-data
44-->[com.google.mlkit:vision-common:16.3.0] AndroidManifest.xml:12:13-14:85
45                android:name="com.google.firebase.components:com.google.mlkit.vision.common.internal.VisionCommonRegistrar"
45-->[com.google.mlkit:vision-common:16.3.0] AndroidManifest.xml:13:17-124
46                android:value="com.google.firebase.components.ComponentRegistrar" />
46-->[com.google.mlkit:vision-common:16.3.0] AndroidManifest.xml:14:17-82
47            <meta-data
47-->[com.google.mlkit:common:17.1.1] AndroidManifest.xml:20:13-22:85
48                android:name="com.google.firebase.components:com.google.mlkit.common.internal.CommonComponentRegistrar"
48-->[com.google.mlkit:common:17.1.1] AndroidManifest.xml:21:17-120
49                android:value="com.google.firebase.components.ComponentRegistrar" />
49-->[com.google.mlkit:common:17.1.1] AndroidManifest.xml:22:17-82
50        </service>
51
52        <provider
52-->[com.google.mlkit:common:17.1.1] AndroidManifest.xml:9:9-13:38
53            android:name="com.google.mlkit.common.internal.MlKitInitProvider"
53-->[com.google.mlkit:common:17.1.1] AndroidManifest.xml:10:13-78
54            android:authorities="com.example.imageclassificationkotlin.mlkitinitprovider"
54-->[com.google.mlkit:common:17.1.1] AndroidManifest.xml:11:13-69
55            android:exported="false"
55-->[com.google.mlkit:common:17.1.1] AndroidManifest.xml:12:13-37
56            android:initOrder="99" />
56-->[com.google.mlkit:common:17.1.1] AndroidManifest.xml:13:13-35
57
58        <activity
58-->[com.google.android.gms:play-services-base:17.4.0] AndroidManifest.xml:23:9-26:75
59            android:name="com.google.android.gms.common.api.GoogleApiActivity"
59-->[com.google.android.gms:play-services-base:17.4.0] AndroidManifest.xml:24:13-79
60            android:exported="false"
60-->[com.google.android.gms:play-services-base:17.4.0] AndroidManifest.xml:25:13-37
61            android:theme="@android:style/Theme.Translucent.NoTitleBar" />
61-->[com.google.android.gms:play-services-base:17.4.0] AndroidManifest.xml:26:13-72
62
63        <meta-data
63-->[com.google.android.gms:play-services-basement:17.4.0] AndroidManifest.xml:23:9-25:69
64            android:name="com.google.android.gms.version"
64-->[com.google.android.gms:play-services-basement:17.4.0] AndroidManifest.xml:24:13-58
65            android:value="@integer/google_play_services_version" />
65-->[com.google.android.gms:play-services-basement:17.4.0] AndroidManifest.xml:25:13-66
66
67        <service
67-->[com.google.android.datatransport:transport-backend-cct:2.3.2] AndroidManifest.xml:29:9-35:19
68            android:name="com.google.android.datatransport.runtime.backends.TransportBackendDiscovery"
68-->[com.google.android.datatransport:transport-backend-cct:2.3.2] AndroidManifest.xml:30:13-103
69            android:exported="false" >
69-->[com.google.android.datatransport:transport-backend-cct:2.3.2] AndroidManifest.xml:31:13-37
70            <meta-data
70-->[com.google.android.datatransport:transport-backend-cct:2.3.2] AndroidManifest.xml:32:13-34:39
71                android:name="backend:com.google.android.datatransport.cct.CctBackendFactory"
71-->[com.google.android.datatransport:transport-backend-cct:2.3.2] AndroidManifest.xml:33:17-94
72                android:value="cct" />
72-->[com.google.android.datatransport:transport-backend-cct:2.3.2] AndroidManifest.xml:34:17-36
73        </service>
74        <service
74-->[com.google.android.datatransport:transport-runtime:2.2.5] AndroidManifest.xml:26:9-30:19
75            android:name="com.google.android.datatransport.runtime.scheduling.jobscheduling.JobInfoSchedulerService"
75-->[com.google.android.datatransport:transport-runtime:2.2.5] AndroidManifest.xml:27:13-117
76            android:exported="false"
76-->[com.google.android.datatransport:transport-runtime:2.2.5] AndroidManifest.xml:28:13-37
77            android:permission="android.permission.BIND_JOB_SERVICE" >
77-->[com.google.android.datatransport:transport-runtime:2.2.5] AndroidManifest.xml:29:13-69
78        </service>
79
80        <receiver
80-->[com.google.android.datatransport:transport-runtime:2.2.5] AndroidManifest.xml:32:9-34:40
81            android:name="com.google.android.datatransport.runtime.scheduling.jobscheduling.AlarmManagerSchedulerBroadcastReceiver"
81-->[com.google.android.datatransport:transport-runtime:2.2.5] AndroidManifest.xml:33:13-132
82            android:exported="false" />
82-->[com.google.android.datatransport:transport-runtime:2.2.5] AndroidManifest.xml:34:13-37
83    </application>
84
85</manifest>